<?xml version="1.0" encoding="UTF-8"?>
<testng-results ignored="0" total="1" passed="1" failed="0" skipped="0">
  <reporter-output>
  </reporter-output>
  <suite started-at="2024-01-22T13:35:55 IST" name="Default suite" finished-at="2024-01-22T13:35:55 IST" duration-ms="123">
    <groups>
    </groups>
    <test started-at="2024-01-22T13:35:55 IST" name="Default test" finished-at="2024-01-22T13:35:55 IST" duration-ms="123">
      <class name="Jan18_Jmeter.TC001_TestNG">
        <test-method signature="logintest()[pri:0, instance:Jan18_Jmeter.TC001_TestNG@1c7696c6]" started-at="2024-01-22T13:35:55 IST" name="logintest" finished-at="2024-01-22T13:35:55 IST" duration-ms="15" status="PASS">
          <reporter-output>
          </reporter-output>
        </test-method> <!-- logintest -->
      </class> <!-- Jan18_Jmeter.TC001_TestNG -->
    </test> <!-- Default test -->
  </suite> <!-- Default suite -->
</testng-results>
