<?xml version="1.0" encoding="UTF-8"?>
<!-- Generated by org.testng.reporters.JUnitXMLReporter -->
<testsuite ignored="2" hostname="LMMUMLP1339" failures="0" tests="4" name="Test" time="0.1" errors="0" timestamp="2024-01-25T10:52:29 IST">
  <testcase classname="Jan25.priority1" name="test4" time="0.015"/>
  <testcase classname="Jan25.priority1" name="test2" time="0.0"/>
  <testcase classname="Jan24.priority2" name="test4" time="0.002"/>
  <testcase classname="Jan24.priority2" name="test2" time="0.001"/>
  <testcase classname="Jan25.priority1" name="test3" time="0.0">
    <ignored/>
  </testcase> <!-- test3 -->
  <testcase classname="Jan24.priority2" name="test3" time="0.0">
    <ignored/>
  </testcase> <!-- test3 -->
</testsuite> <!-- Test -->
