<?xml version="1.0" encoding="UTF-8"?>
<testng-results ignored="0" total="1" passed="1" failed="0" skipped="0">
  <reporter-output>
  </reporter-output>
  <suite started-at="2024-01-30T13:49:18 IST" name="Default suite" finished-at="2024-01-30T13:49:43 IST" duration-ms="25340">
    <groups>
    </groups>
    <test started-at="2024-01-30T13:49:18 IST" name="Default test" finished-at="2024-01-30T13:49:43 IST" duration-ms="25340">
      <class name="P1.Luma_ETE_Test">
        <test-method is-config="true" signature="beforeSuite()[pri:0, instance:P1.Luma_ETE_Test@1972e513]" started-at="2024-01-30T13:49:18 IST" name="beforeSuite" finished-at="2024-01-30T13:49:18 IST" duration-ms="11" status="PASS">
          <reporter-output>
          </reporter-output>
        </test-method> <!-- beforeSuite -->
        <test-method is-config="true" signature="beforeTest()[pri:0, instance:P1.Luma_ETE_Test@1972e513]" started-at="2024-01-30T13:49:18 IST" name="beforeTest" finished-at="2024-01-30T13:49:18 IST" duration-ms="1" status="PASS">
          <reporter-output>
          </reporter-output>
        </test-method> <!-- beforeTest -->
        <test-method is-config="true" signature="beforeClass()[pri:0, instance:P1.Luma_ETE_Test@1972e513]" started-at="2024-01-30T13:49:18 IST" name="beforeClass" finished-at="2024-01-30T13:49:18 IST" duration-ms="0" status="PASS">
          <reporter-output>
          </reporter-output>
        </test-method> <!-- beforeClass -->
        <test-method is-config="true" signature="beforeMethod()[pri:0, instance:P1.Luma_ETE_Test@1972e513]" started-at="2024-01-30T13:49:19 IST" name="beforeMethod" finished-at="2024-01-30T13:49:27 IST" duration-ms="8354" status="PASS">
          <reporter-output>
          </reporter-output>
        </test-method> <!-- beforeMethod -->
        <test-method signature="f(java.lang.String,java.lang.String,java.lang.String,java.lang.String,java.lang.String)[pri:0, instance:P1.Luma_ETE_Test@1972e513]" started-at="2024-01-30T13:49:27 IST" name="f" data-provider="dp" finished-at="2024-01-30T13:49:43 IST" duration-ms="15919" status="PASS">
          <params>
            <param index="0">
              <value>
                <![CDATA[sushant ]]>
              </value>
            </param>
            <param index="1">
              <value>
                <![CDATA[rao]]>
              </value>
            </param>
            <param index="2">
              <value>
                <![CDATA[sushant@gmail.com]]>
              </value>
            </param>
            <param index="3">
              <value>
                <![CDATA[Sushant@123]]>
              </value>
            </param>
            <param index="4">
              <value>
                <![CDATA[Sushant@123]]>
              </value>
            </param>
          </params>
          <reporter-output>
          </reporter-output>
        </test-method> <!-- f -->
        <test-method is-config="true" signature="afterMethod()[pri:0, instance:P1.Luma_ETE_Test@1972e513]" started-at="2024-01-30T13:49:43 IST" name="afterMethod" finished-at="2024-01-30T13:49:43 IST" duration-ms="0" status="PASS">
          <reporter-output>
          </reporter-output>
        </test-method> <!-- afterMethod -->
        <test-method is-config="true" signature="afterClass()[pri:0, instance:P1.Luma_ETE_Test@1972e513]" started-at="2024-01-30T13:49:43 IST" name="afterClass" finished-at="2024-01-30T13:49:43 IST" duration-ms="1" status="PASS">
          <reporter-output>
          </reporter-output>
        </test-method> <!-- afterClass -->
        <test-method is-config="true" signature="afterTest()[pri:0, instance:P1.Luma_ETE_Test@1972e513]" started-at="2024-01-30T13:49:43 IST" name="afterTest" finished-at="2024-01-30T13:49:43 IST" duration-ms="1" status="PASS">
          <reporter-output>
          </reporter-output>
        </test-method> <!-- afterTest -->
        <test-method is-config="true" signature="afterSuite()[pri:0, instance:P1.Luma_ETE_Test@1972e513]" started-at="2024-01-30T13:49:43 IST" name="afterSuite" finished-at="2024-01-30T13:49:43 IST" duration-ms="0" status="PASS">
          <reporter-output>
          </reporter-output>
        </test-method> <!-- afterSuite -->
      </class> <!-- P1.Luma_ETE_Test -->
    </test> <!-- Default test -->
  </suite> <!-- Default suite -->
</testng-results>
